Argument: table: GoGraph.dev.7
Argument: env: dev
Argument: stats: 0
Argument: inputfile: ../data/generated-fullsize.rdf
Argument: concurrent: 8
Argument: showsql: 0
Argument: debug: 
Argument: graph: Movies
Argument: reduced logging: 1
Argument: bypass db load: 0

 no error 
Region =  us-east-1
enter getLogr for prefix  mdb
getLogr past Lock 
create new logr for prefix:  mdb
leave getLogr
enter getLogr for prefix  grmgr
getLogr past Lock 
create new logr for prefix:  grmgr
leave getLogr
enter getLogr for prefix  main
getLogr past Lock 
getLogr wait of e.ready channel 
leave getLogr
leave Log(
enter getLogr for prefix  main
getLogr past Lock 
getLogr wait of e.ready channel 
leave getLogr
leave Log(
enter getLogr for prefix  main
getLogr past Lock 
getLogr wait of e.ready channel 
leave getLogr
leave Log(
enter getLogr for prefix  main
getLogr past Lock 
getLogr wait of e.ready channel 
leave getLogr
leave Log(
enter getLogr for prefix  main
getLogr past Lock 
getLogr wait of e.ready channel 
leave getLogr
leave Log(
enter getLogr for prefix  main
getLogr past Lock 
getLogr wait of e.ready channel 
leave getLogr
leave Log(
enter getLogr for prefix  main
getLogr past Lock 
getLogr wait of e.ready channel 
leave getLogr
leave Log(
enter getLogr for prefix  main
getLogr past Lock 
getLogr wait of e.ready channel 
leave getLogr
leave Log(
enter getLogr for prefix  main
getLogr past Lock 
getLogr wait of e.ready channel 
leave getLogr
leave Log(
enter getLogr for prefix  main
getLogr past Lock 
getLogr wait of e.ready channel 
leave getLogr
leave Log(
enter getLogr for prefix  main
getLogr past Lock 
getLogr wait of e.ready channel 
leave getLogr
leave Log(
enter getLogr for prefix  main
getLogr past Lock 
getLogr wait of e.ready channel 
leave getLogr
enter getLogr for prefix  main
getLogr past Lock 
getLogr wait of e.ready channel 
leave getLogr
enter getLogr for prefix  main
getLogr past Lock 
leave Log(
getLogr wait of e.ready channel 
leave getLogr
enter getLogr for prefix  main
getLogr past Lock 
getLogr wait of e.ready channel 
leave getLogr
leave Log(
leave Log(
enter getLogr for prefix  monitor
getLogr past Lock 
create new logr for prefix:  monitor
leave getLogr
enter getLogr for prefix  errlog
getLogr past Lock 
create new logr for prefix:  errlog
leave Log(
leave getLogr
enter getLogr for prefix  main
getLogr past Lock 
getLogr wait of e.ready channel 
leave getLogr
leave Log(
longnm shortnm :  Character Ch
longnm shortnm :  Film Fm
longnm shortnm :  Genre Ge
longnm shortnm :  Person P
longnm shortnm :  Performance Pf
enter getLogr for prefix  main
getLogr past Lock 
getLogr wait of e.ready channel 
leave getLogr
leave Log(
enter getLogr for prefix  main
getLogr past Lock 
getLogr wait of e.ready channel 
leave getLogr
leave Log(
enter getLogr for prefix  main
getLogr past Lock 
getLogr wait of e.ready channel 
leave getLogr
leave Log(
enter getLogr for prefix  main
getLogr past Lock 
getLogr wait of e.ready channel 
leave getLogr
leave Log(
enter getLogr for prefix  main
getLogr past Lock 
getLogr wait of e.ready channel 
leave getLogr
leave Log(
enter getLogr for prefix  main
getLogr past Lock 
getLogr wait of e.ready channel 
leave getLogr
leave Log(
enter getLogr for prefix  errlog
getLogr past Lock 
getLogr wait of e.ready channel 
leave getLogr
 ==================== ERRORS : 0	==============
edge dump..... 166
enter getLogr for prefix  main
getLogr past Lock 
getLogr wait of e.ready channel 
leave getLogr
enter getLogr for prefix  monitor
getLogr past Lock 
getLogr wait of e.ready channel 
leave getLogr
leave Log(
panic: sync: negative WaitGroup counter

goroutine 27 [running]:
sync.(*WaitGroup).Add(0xc0026fa0e0?, 0xc0018075a8?)
	/usr/local/go/src/sync/waitgroup.go:83 +0xda
sync.(*WaitGroup).Done(0x10?)
	/usr/local/go/src/sync/waitgroup.go:108 +0x25
github.com/GoGraph/grmgr.PowerOn({0x97e6b8, 0xc000078cc0}, 0xc00002b5c0, 0xc00002b5d0?, {0xc00005dfc8?, 0x1?, 0x1?})
	/home/ec2-user/environment/dev/GoGraph/grmgr/grmgr.go:518 +0x1738
created by main.main
	/home/ec2-user/environment/dev/GoGraph/rdf/loader.go:272 +0x1354
