Argument: table: GoGraph.sdk2.prd
Argument: env: dev
Argument: stats: 0
Argument: inputfile: ../data/generated-fullsize.rdf
Argument: concurrent: 18
Argument: showsql: 0
Argument: debug: state
Argument: graph: Movies
Argument: reduced logging: 1
Argument: bypass db load: 0
Region =  us-east-1
Successfully pinged database..

 no error 
*** create new logr for prefix: [main]
create new alert logr for prefix:  DB
*** create new logr for prefix: [DB]
create new critical logr for prefix:  DBExecute: 
*** create new logr for prefix: [DBExecute: ]
errlog Add ...
create new critical logr for prefix:  saveRDF
*** create new logr for prefix: [saveRDF]
create new alert logr for prefix:  errlog: 
*** create new logr for prefix: [errlog: ]
 ==================== ERRORS : 1	==============
saveRDF Failed to save: PKey: tUvKbMimQsSYYE52MIy/hg==  SortK: m|A#G#:P : Error in routine BatchWriteItem [tag: SaveNode]: Error type prevents retry of operation or max retries exceeded [CriticalOperationErr], operation error DynamoDB: BatchWriteItem, exceeded maximum number of attempts, 3, https response error StatusCode: 500, RequestID: E8TU2HK1M3UBHLN5PPCCNC4PLJVV4KQNSO5AEMVJF66Q9ASUAAJG, InternalServerError: Internal server error
edge dump..... 166


monitor: []interface {}{interface {}(nil), interface {}(nil), interface {}(nil), interface {}(nil), interface {}(nil), interface {}(nil), interface {}(nil), interface {}(nil), interface {}(nil), interface {}(nil)}
============= Operation Stats ================
capByTX     GraphName:  
 Consumed Capacity: 
Table: [GoGraphSS]
CapacityUnits: Min: 1, Max: 1  Cnt: 1  Sum: 1  Avg: 1

ReadCapacityUnits: 
WriteCapacityUnits: 
Table:
       GoGraphSS
           Capacity: Min: 1, Max: 1  Cnt: 1  Sum: 1  Avg: 1
 
  Retrieved      GoGraphSS
     Min: 1, Max: 1  Cnt: 1  Sum: 1  Avg: 1
 
 Scanned      GoGraphSS
     Min: 1, Max: 1  Cnt: 1  Sum: 1  Avg: 1
 

Table:  [GoGraphSS]
Items:  map[GoGraphSS:Min: 1, Max: 1  Cnt: 1  Sum: 1  Avg: 1
]
Scanned:  map[GoGraphSS:Min: 1, Max: 1  Cnt: 1  Sum: 1  Avg: 1
]
============= Operation Stats ================
capByTX     TyShortNames:  
 Consumed Capacity: 
Table: [GoGraphSS]
CapacityUnits: Min: 1, Max: 1  Cnt: 1  Sum: 1  Avg: 1

ReadCapacityUnits: 
WriteCapacityUnits: 
Table:
       GoGraphSS
           Capacity: Min: 1, Max: 1  Cnt: 1  Sum: 1  Avg: 1
 
  Retrieved      GoGraphSS
     Min: 5, Max: 5  Cnt: 1  Sum: 5  Avg: 5
 
 Scanned      GoGraphSS
     Min: 5, Max: 5  Cnt: 1  Sum: 5  Avg: 5
 

Table:  [GoGraphSS]
Items:  map[GoGraphSS:Min: 5, Max: 5  Cnt: 1  Sum: 5  Avg: 5
]
Scanned:  map[GoGraphSS:Min: 5, Max: 5  Cnt: 1  Sum: 5  Avg: 5
]
============= Operation Stats ================
capByTX     LoadDataDictionary:  
 Consumed Capacity: 
Table: [GoGraphSS]
CapacityUnits: Min: 1, Max: 1  Cnt: 1  Sum: 1  Avg: 1

ReadCapacityUnits: 
WriteCapacityUnits: 
Table:
       GoGraphSS
           Capacity: Min: 1, Max: 1  Cnt: 1  Sum: 1  Avg: 1
 
  Retrieved      GoGraphSS
     Min: 16, Max: 16  Cnt: 1  Sum: 16  Avg: 16
 
 Scanned      GoGraphSS
     Min: 16, Max: 16  Cnt: 1  Sum: 16  Avg: 16
 

Table:  [GoGraphSS]
Items:  map[GoGraphSS:Min: 16, Max: 16  Cnt: 1  Sum: 16  Avg: 16
]
Scanned:  map[GoGraphSS:Min: 16, Max: 16  Cnt: 1  Sum: 16  Avg: 16
]
============= Operation Stats ================
capByTX     SaveNode:  
 Consumed Capacity: 
Table: [GoGraph.sdk2.prd]
CapacityUnits: Min: 1, Max: 8  Cnt: 320468  Sum: 1.435385e+06  Avg: 4.479027547212202

ReadCapacityUnits: 
WriteCapacityUnits: 
Table:
       GoGraph.sdk2.prd
           Capacity: Min: 1, Max: 4  Cnt: 320468  Sum: 837092  Avg: 2.612092314989328
 
GSI: TyIX
           Capacity: Min: 1, Max: 1  Cnt: 316665  Sum: 316665  Avg: 1
 
GSI: TyES
           Capacity: Min: 1, Max: 1  Cnt: 77866  Sum: 77866  Avg: 1
 
GSI: P_S
           Capacity: Min: 1, Max: 2  Cnt: 197407  Sum: 203762  Avg: 1.0321923741306032
 
 
Table:  [GoGraph.sdk2.prd]
Items:  map[]
Scanned:  map[]
============= Table Stats ================
CapByTable      GoGraphSS:  
       Capacity: Min: 1, Max: 1  Cnt: 3  Sum: 3  Avg: 1

============= Table Stats ================
CapByTable      GoGraph.sdk2.prd:  
       Capacity: Min: 1, Max: 4  Cnt: 320468  Sum: 837092  Avg: 2.612092314989328

=============  GSI Stats ================
CapByGSI      TyES:  
       Capacity: Min: 1, Max: 1  Cnt: 77866  Sum: 77866  Avg: 1

=============  GSI Stats ================
CapByGSI      P_S:  
       Capacity: Min: 1, Max: 2  Cnt: 197407  Sum: 203762  Avg: 1.0321923741306032

=============  GSI Stats ================
CapByGSI      TyIX:  
       Capacity: Min: 1, Max: 1  Cnt: 316665  Sum: 316665  Avg: 1

Completed.....Duration: ToClose: 4m24.472618222s  ToEnd: 7m31.548763847s
syslog STOP
